<?xml version="1.0" encoding="UTF-8"?>
<!-- Generated by org.testng.reporters.JUnitReportReporter -->
<testsuite skipped="502" hostname="ramsunkara" name="Tests.AppTest123" tests="503" failures="0" timestamp="20 Nov 2019 12:16:01 GMT" time="0.010" errors="1">
  <testcase name="bigBossVote" time="0.000" classname="Tests.AppTest123">
    <skipped/>
  </testcase> <!-- bigBossVote -->
  <testcase name="bigBossVote" time="0.000" classname="Tests.AppTest123">
    <skipped/>
  </testcase> <!-- bigBossVote -->
  <testcase name="bigBossVote" time="0.000" classname="Tests.AppTest123">
    <skipped/>
  </testcase> <!-- bigBossVote -->
  <testcase name="bigBossVote" time="0.000" classname="Tests.AppTest123">
    <skipped/>
  </testcase> <!-- bigBossVote -->
  <testcase name="bigBossVote" time="0.000" classname="Tests.AppTest123">
    <skipped/>
  </testcase> <!-- bigBossVote -->
  <testcase name="bigBossVote" time="0.000" classname="Tests.AppTest123">
    <skipped/>
  </testcase> <!-- bigBossVote -->
  <testcase name="bigBossVote" time="0.000" classname="Tests.AppTest123">
    <skipped/>
  </testcase> <!-- bigBossVote -->
  <testcase name="bigBossVote" time="0.000" classname="Tests.AppTest123">
    <skipped/>
  </testcase> <!-- bigBossVote -->
  <testcase name="bigBossVote" time="0.000" classname="Tests.AppTest123">
    <skipped/>
  </testcase> <!-- bigBossVote -->
  <testcase name="bigBossVote" time="0.000" classname="Tests.AppTest123">
    <skipped/>
  </testcase> <!-- bigBossVote -->
  <testcase name="bigBossVote" time="0.000" classname="Tests.AppTest123">
    <skipped/>
  </testcase> <!-- bigBossVote -->
  <testcase name="bigBossVote" time="0.000" classname="Tests.AppTest123">
    <skipped/>
  </testcase> <!-- bigBossVote -->
  <testcase name="bigBossVote" time="0.000" classname="Tests.AppTest123">
    <skipped/>
  </testcase> <!-- bigBossVote -->
  <testcase name="bigBossVote" time="0.000" classname="Tests.AppTest123">
    <skipped/>
  </testcase> <!-- bigBossVote -->
  <testcase name="bigBossVote" time="0.000" classname="Tests.AppTest123">
    <skipped/>
  </testcase> <!-- bigBossVote -->
  <testcase name="bigBossVote" time="0.000" classname="Tests.AppTest123">
    <skipped/>
  </testcase> <!-- bigBossVote -->
  <testcase name="bigBossVote" time="0.000" classname="Tests.AppTest123">
    <skipped/>
  </testcase> <!-- bigBossVote -->
  <testcase name="bigBossVote" time="0.000" classname="Tests.AppTest123">
    <skipped/>
  </testcase> <!-- bigBossVote -->
  <testcase name="bigBossVote" time="0.000" classname="Tests.AppTest123">
    <skipped/>
  </testcase> <!-- bigBossVote -->
  <testcase name="bigBossVote" time="0.000" classname="Tests.AppTest123">
    <skipped/>
  </testcase> <!-- bigBossVote -->
  <testcase name="bigBossVote" time="0.000" classname="Tests.AppTest123">
    <skipped/>
  </testcase> <!-- bigBossVote -->
  <testcase name="bigBossVote" time="0.000" classname="Tests.AppTest123">
    <skipped/>
  </testcase> <!-- bigBossVote -->
  <testcase name="bigBossVote" time="0.000" classname="Tests.AppTest123">
    <skipped/>
  </testcase> <!-- bigBossVote -->
  <testcase name="bigBossVote" time="0.000" classname="Tests.AppTest123">
    <skipped/>
  </testcase> <!-- bigBossVote -->
  <testcase name="bigBossVote" time="0.000" classname="Tests.AppTest123">
    <skipped/>
  </testcase> <!-- bigBossVote -->
  <testcase name="bigBossVote" time="0.000" classname="Tests.AppTest123">
    <skipped/>
  </testcase> <!-- bigBossVote -->
  <testcase name="bigBossVote" time="0.000" classname="Tests.AppTest123">
    <skipped/>
  </testcase> <!-- bigBossVote -->
  <testcase name="bigBossVote" time="0.000" classname="Tests.AppTest123">
    <skipped/>
  </testcase> <!-- bigBossVote -->
  <testcase name="bigBossVote" time="0.000" classname="Tests.AppTest123">
    <skipped/>
  </testcase> <!-- bigBossVote -->
  <testcase name="bigBossVote" time="0.000" classname="Tests.AppTest123">
    <skipped/>
  </testcase> <!-- bigBossVote -->
  <testcase name="bigBossVote" time="0.000" classname="Tests.AppTest123">
    <skipped/>
  </testcase> <!-- bigBossVote -->
  <testcase name="bigBossVote" time="0.000" classname="Tests.AppTest123">
    <skipped/>
  </testcase> <!-- bigBossVote -->
  <testcase name="bigBossVote" time="0.000" classname="Tests.AppTest123">
    <skipped/>
  </testcase> <!-- bigBossVote -->
  <testcase name="bigBossVote" time="0.000" classname="Tests.AppTest123">
    <skipped/>
  </testcase> <!-- bigBossVote -->
  <testcase name="bigBossVote" time="0.000" classname="Tests.AppTest123">
    <skipped/>
  </testcase> <!-- bigBossVote -->
  <testcase name="bigBossVote" time="0.000" classname="Tests.AppTest123">
    <skipped/>
  </testcase> <!-- bigBossVote -->
  <testcase name="bigBossVote" time="0.000" classname="Tests.AppTest123">
    <skipped/>
  </testcase> <!-- bigBossVote -->
  <testcase name="bigBossVote" time="0.000" classname="Tests.AppTest123">
    <skipped/>
  </testcase> <!-- bigBossVote -->
  <testcase name="bigBossVote" time="0.000" classname="Tests.AppTest123">
    <skipped/>
  </testcase> <!-- bigBossVote -->
  <testcase name="bigBossVote" time="0.000" classname="Tests.AppTest123">
    <skipped/>
  </testcase> <!-- bigBossVote -->
  <testcase name="bigBossVote" time="0.000" classname="Tests.AppTest123">
    <skipped/>
  </testcase> <!-- bigBossVote -->
  <testcase name="bigBossVote" time="0.000" classname="Tests.AppTest123">
    <skipped/>
  </testcase> <!-- bigBossVote -->
  <testcase name="bigBossVote" time="0.000" classname="Tests.AppTest123">
    <skipped/>
  </testcase> <!-- bigBossVote -->
  <testcase name="bigBossVote" time="0.000" classname="Tests.AppTest123">
    <skipped/>
  </testcase> <!-- bigBossVote -->
  <testcase name="bigBossVote" time="0.000" classname="Tests.AppTest123">
    <skipped/>
  </testcase> <!-- bigBossVote -->
  <testcase name="bigBossVote" time="0.000" classname="Tests.AppTest123">
    <skipped/>
  </testcase> <!-- bigBossVote -->
  <testcase name="bigBossVote" time="0.000" classname="Tests.AppTest123">
    <skipped/>
  </testcase> <!-- bigBossVote -->
  <testcase name="bigBossVote" time="0.000" classname="Tests.AppTest123">
    <skipped/>
  </testcase> <!-- bigBossVote -->
  <testcase name="bigBossVote" time="0.000" classname="Tests.AppTest123">
    <skipped/>
  </testcase> <!-- bigBossVote -->
  <testcase name="bigBossVote" time="0.000" classname="Tests.AppTest123">
    <skipped/>
  </testcase> <!-- bigBossVote -->
  <testcase name="bigBossVote" time="0.000" classname="Tests.AppTest123">
    <skipped/>
  </testcase> <!-- bigBossVote -->
  <testcase name="bigBossVote" time="0.000" classname="Tests.AppTest123">
    <skipped/>
  </testcase> <!-- bigBossVote -->
  <testcase name="bigBossVote" time="0.000" classname="Tests.AppTest123">
    <skipped/>
  </testcase> <!-- bigBossVote -->
  <testcase name="bigBossVote" time="0.000" classname="Tests.AppTest123">
    <skipped/>
  </testcase> <!-- bigBossVote -->
  <testcase name="bigBossVote" time="0.000" classname="Tests.AppTest123">
    <skipped/>
  </testcase> <!-- bigBossVote -->
  <testcase name="bigBossVote" time="0.000" classname="Tests.AppTest123">
    <skipped/>
  </testcase> <!-- bigBossVote -->
  <testcase name="bigBossVote" time="0.000" classname="Tests.AppTest123">
    <skipped/>
  </testcase> <!-- bigBossVote -->
  <testcase name="bigBossVote" time="0.000" classname="Tests.AppTest123">
    <skipped/>
  </testcase> <!-- bigBossVote -->
  <testcase name="bigBossVote" time="0.000" classname="Tests.AppTest123">
    <skipped/>
  </testcase> <!-- bigBossVote -->
  <testcase name="bigBossVote" time="0.000" classname="Tests.AppTest123">
    <skipped/>
  </testcase> <!-- bigBossVote -->
  <testcase name="bigBossVote" time="0.000" classname="Tests.AppTest123">
    <skipped/>
  </testcase> <!-- bigBossVote -->
  <testcase name="bigBossVote" time="0.000" classname="Tests.AppTest123">
    <skipped/>
  </testcase> <!-- bigBossVote -->
  <testcase name="bigBossVote" time="0.000" classname="Tests.AppTest123">
    <skipped/>
  </testcase> <!-- bigBossVote -->
  <testcase name="bigBossVote" time="0.000" classname="Tests.AppTest123">
    <skipped/>
  </testcase> <!-- bigBossVote -->
  <testcase name="bigBossVote" time="0.000" classname="Tests.AppTest123">
    <skipped/>
  </testcase> <!-- bigBossVote -->
  <testcase name="bigBossVote" time="0.000" classname="Tests.AppTest123">
    <skipped/>
  </testcase> <!-- bigBossVote -->
  <testcase name="bigBossVote" time="0.000" classname="Tests.AppTest123">
    <skipped/>
  </testcase> <!-- bigBossVote -->
  <testcase name="bigBossVote" time="0.000" classname="Tests.AppTest123">
    <skipped/>
  </testcase> <!-- bigBossVote -->
  <testcase name="bigBossVote" time="0.000" classname="Tests.AppTest123">
    <skipped/>
  </testcase> <!-- bigBossVote -->
  <testcase name="bigBossVote" time="0.000" classname="Tests.AppTest123">
    <skipped/>
  </testcase> <!-- bigBossVote -->
  <testcase name="bigBossVote" time="0.000" classname="Tests.AppTest123">
    <skipped/>
  </testcase> <!-- bigBossVote -->
  <testcase name="bigBossVote" time="0.000" classname="Tests.AppTest123">
    <skipped/>
  </testcase> <!-- bigBossVote -->
  <testcase name="bigBossVote" time="0.000" classname="Tests.AppTest123">
    <skipped/>
  </testcase> <!-- bigBossVote -->
  <testcase name="bigBossVote" time="0.000" classname="Tests.AppTest123">
    <skipped/>
  </testcase> <!-- bigBossVote -->
  <testcase name="bigBossVote" time="0.000" classname="Tests.AppTest123">
    <skipped/>
  </testcase> <!-- bigBossVote -->
  <testcase name="bigBossVote" time="0.000" classname="Tests.AppTest123">
    <skipped/>
  </testcase> <!-- bigBossVote -->
  <testcase name="bigBossVote" time="0.000" classname="Tests.AppTest123">
    <skipped/>
  </testcase> <!-- bigBossVote -->
  <testcase name="bigBossVote" time="0.000" classname="Tests.AppTest123">
    <skipped/>
  </testcase> <!-- bigBossVote -->
  <testcase name="bigBossVote" time="0.000" classname="Tests.AppTest123">
    <skipped/>
  </testcase> <!-- bigBossVote -->
  <testcase name="bigBossVote" time="0.000" classname="Tests.AppTest123">
    <skipped/>
  </testcase> <!-- bigBossVote -->
  <testcase name="bigBossVote" time="0.000" classname="Tests.AppTest123">
    <skipped/>
  </testcase> <!-- bigBossVote -->
  <testcase name="bigBossVote" time="0.000" classname="Tests.AppTest123">
    <skipped/>
  </testcase> <!-- bigBossVote -->
  <testcase name="bigBossVote" time="0.000" classname="Tests.AppTest123">
    <skipped/>
  </testcase> <!-- bigBossVote -->
  <testcase name="bigBossVote" time="0.000" classname="Tests.AppTest123">
    <skipped/>
  </testcase> <!-- bigBossVote -->
  <testcase name="bigBossVote" time="0.000" classname="Tests.AppTest123">
    <skipped/>
  </testcase> <!-- bigBossVote -->
  <testcase name="bigBossVote" time="0.000" classname="Tests.AppTest123">
    <skipped/>
  </testcase> <!-- bigBossVote -->
  <testcase name="bigBossVote" time="0.000" classname="Tests.AppTest123">
    <skipped/>
  </testcase> <!-- bigBossVote -->
  <testcase name="bigBossVote" time="0.000" classname="Tests.AppTest123">
    <skipped/>
  </testcase> <!-- bigBossVote -->
  <testcase name="bigBossVote" time="0.000" classname="Tests.AppTest123">
    <skipped/>
  </testcase> <!-- bigBossVote -->
  <testcase name="bigBossVote" time="0.000" classname="Tests.AppTest123">
    <skipped/>
  </testcase> <!-- bigBossVote -->
  <testcase name="bigBossVote" time="0.000" classname="Tests.AppTest123">
    <skipped/>
  </testcase> <!-- bigBossVote -->
  <testcase name="bigBossVote" time="0.000" classname="Tests.AppTest123">
    <skipped/>
  </testcase> <!-- bigBossVote -->
  <testcase name="bigBossVote" time="0.000" classname="Tests.AppTest123">
    <skipped/>
  </testcase> <!-- bigBossVote -->
  <testcase name="bigBossVote" time="0.000" classname="Tests.AppTest123">
    <skipped/>
  </testcase> <!-- bigBossVote -->
  <testcase name="bigBossVote" time="0.000" classname="Tests.AppTest123">
    <skipped/>
  </testcase> <!-- bigBossVote -->
  <testcase name="bigBossVote" time="0.000" classname="Tests.AppTest123">
    <skipped/>
  </testcase> <!-- bigBossVote -->
  <testcase name="bigBossVote" time="0.000" classname="Tests.AppTest123">
    <skipped/>
  </testcase> <!-- bigBossVote -->
  <testcase name="bigBossVote" time="0.000" classname="Tests.AppTest123">
    <skipped/>
  </testcase> <!-- bigBossVote -->
  <testcase name="bigBossVote" time="0.000" classname="Tests.AppTest123">
    <skipped/>
  </testcase> <!-- bigBossVote -->
  <testcase name="bigBossVote" time="0.000" classname="Tests.AppTest123">
    <skipped/>
  </testcase> <!-- bigBossVote -->
  <testcase name="bigBossVote" time="0.000" classname="Tests.AppTest123">
    <skipped/>
  </testcase> <!-- bigBossVote -->
  <testcase name="bigBossVote" time="0.000" classname="Tests.AppTest123">
    <skipped/>
  </testcase> <!-- bigBossVote -->
  <testcase name="bigBossVote" time="0.000" classname="Tests.AppTest123">
    <skipped/>
  </testcase> <!-- bigBossVote -->
  <testcase name="bigBossVote" time="0.000" classname="Tests.AppTest123">
    <skipped/>
  </testcase> <!-- bigBossVote -->
  <testcase name="bigBossVote" time="0.000" classname="Tests.AppTest123">
    <skipped/>
  </testcase> <!-- bigBossVote -->
  <testcase name="bigBossVote" time="0.000" classname="Tests.AppTest123">
    <skipped/>
  </testcase> <!-- bigBossVote -->
  <testcase name="bigBossVote" time="0.000" classname="Tests.AppTest123">
    <skipped/>
  </testcase> <!-- bigBossVote -->
  <testcase name="bigBossVote" time="0.000" classname="Tests.AppTest123">
    <skipped/>
  </testcase> <!-- bigBossVote -->
  <testcase name="bigBossVote" time="0.000" classname="Tests.AppTest123">
    <skipped/>
  </testcase> <!-- bigBossVote -->
  <testcase name="bigBossVote" time="0.000" classname="Tests.AppTest123">
    <skipped/>
  </testcase> <!-- bigBossVote -->
  <testcase name="bigBossVote" time="0.000" classname="Tests.AppTest123">
    <skipped/>
  </testcase> <!-- bigBossVote -->
  <testcase name="bigBossVote" time="0.000" classname="Tests.AppTest123">
    <skipped/>
  </testcase> <!-- bigBossVote -->
  <testcase name="bigBossVote" time="0.000" classname="Tests.AppTest123">
    <skipped/>
  </testcase> <!-- bigBossVote -->
  <testcase name="bigBossVote" time="0.000" classname="Tests.AppTest123">
    <skipped/>
  </testcase> <!-- bigBossVote -->
  <testcase name="bigBossVote" time="0.000" classname="Tests.AppTest123">
    <skipped/>
  </testcase> <!-- bigBossVote -->
  <testcase name="bigBossVote" time="0.000" classname="Tests.AppTest123">
    <skipped/>
  </testcase> <!-- bigBossVote -->
  <testcase name="bigBossVote" time="0.000" classname="Tests.AppTest123">
    <skipped/>
  </testcase> <!-- bigBossVote -->
  <testcase name="bigBossVote" time="0.000" classname="Tests.AppTest123">
    <skipped/>
  </testcase> <!-- bigBossVote -->
  <testcase name="bigBossVote" time="0.000" classname="Tests.AppTest123">
    <skipped/>
  </testcase> <!-- bigBossVote -->
  <testcase name="bigBossVote" time="0.000" classname="Tests.AppTest123">
    <skipped/>
  </testcase> <!-- bigBossVote -->
  <testcase name="bigBossVote" time="0.000" classname="Tests.AppTest123">
    <skipped/>
  </testcase> <!-- bigBossVote -->
  <testcase name="bigBossVote" time="0.000" classname="Tests.AppTest123">
    <skipped/>
  </testcase> <!-- bigBossVote -->
  <testcase name="bigBossVote" time="0.000" classname="Tests.AppTest123">
    <skipped/>
  </testcase> <!-- bigBossVote -->
  <testcase name="bigBossVote" time="0.000" classname="Tests.AppTest123">
    <skipped/>
  </testcase> <!-- bigBossVote -->
  <testcase name="bigBossVote" time="0.000" classname="Tests.AppTest123">
    <skipped/>
  </testcase> <!-- bigBossVote -->
  <testcase name="bigBossVote" time="0.000" classname="Tests.AppTest123">
    <skipped/>
  </testcase> <!-- bigBossVote -->
  <testcase name="bigBossVote" time="0.000" classname="Tests.AppTest123">
    <skipped/>
  </testcase> <!-- bigBossVote -->
  <testcase name="bigBossVote" time="0.000" classname="Tests.AppTest123">
    <skipped/>
  </testcase> <!-- bigBossVote -->
  <testcase name="bigBossVote" time="0.000" classname="Tests.AppTest123">
    <skipped/>
  </testcase> <!-- bigBossVote -->
  <testcase name="bigBossVote" time="0.000" classname="Tests.AppTest123">
    <skipped/>
  </testcase> <!-- bigBossVote -->
  <testcase name="bigBossVote" time="0.000" classname="Tests.AppTest123">
    <skipped/>
  </testcase> <!-- bigBossVote -->
  <testcase name="bigBossVote" time="0.000" classname="Tests.AppTest123">
    <skipped/>
  </testcase> <!-- bigBossVote -->
  <testcase name="bigBossVote" time="0.000" classname="Tests.AppTest123">
    <skipped/>
  </testcase> <!-- bigBossVote -->
  <testcase name="bigBossVote" time="0.000" classname="Tests.AppTest123">
    <skipped/>
  </testcase> <!-- bigBossVote -->
  <testcase name="bigBossVote" time="0.000" classname="Tests.AppTest123">
    <skipped/>
  </testcase> <!-- bigBossVote -->
  <testcase name="bigBossVote" time="0.000" classname="Tests.AppTest123">
    <skipped/>
  </testcase> <!-- bigBossVote -->
  <testcase name="bigBossVote" time="0.000" classname="Tests.AppTest123">
    <skipped/>
  </testcase> <!-- bigBossVote -->
  <testcase name="bigBossVote" time="0.000" classname="Tests.AppTest123">
    <skipped/>
  </testcase> <!-- bigBossVote -->
  <testcase name="bigBossVote" time="0.000" classname="Tests.AppTest123">
    <skipped/>
  </testcase> <!-- bigBossVote -->
  <testcase name="bigBossVote" time="0.000" classname="Tests.AppTest123">
    <skipped/>
  </testcase> <!-- bigBossVote -->
  <testcase name="bigBossVote" time="0.000" classname="Tests.AppTest123">
    <skipped/>
  </testcase> <!-- bigBossVote -->
  <testcase name="bigBossVote" time="0.000" classname="Tests.AppTest123">
    <skipped/>
  </testcase> <!-- bigBossVote -->
  <testcase name="bigBossVote" time="0.000" classname="Tests.AppTest123">
    <skipped/>
  </testcase> <!-- bigBossVote -->
  <testcase name="bigBossVote" time="0.000" classname="Tests.AppTest123">
    <skipped/>
  </testcase> <!-- bigBossVote -->
  <testcase name="bigBossVote" time="0.000" classname="Tests.AppTest123">
    <skipped/>
  </testcase> <!-- bigBossVote -->
  <testcase name="bigBossVote" time="0.000" classname="Tests.AppTest123">
    <skipped/>
  </testcase> <!-- bigBossVote -->
  <testcase name="bigBossVote" time="0.000" classname="Tests.AppTest123">
    <skipped/>
  </testcase> <!-- bigBossVote -->
  <testcase name="bigBossVote" time="0.000" classname="Tests.AppTest123">
    <skipped/>
  </testcase> <!-- bigBossVote -->
  <testcase name="bigBossVote" time="0.000" classname="Tests.AppTest123">
    <skipped/>
  </testcase> <!-- bigBossVote -->
  <testcase name="bigBossVote" time="0.000" classname="Tests.AppTest123">
    <skipped/>
  </testcase> <!-- bigBossVote -->
  <testcase name="bigBossVote" time="0.000" classname="Tests.AppTest123">
    <skipped/>
  </testcase> <!-- bigBossVote -->
  <testcase name="bigBossVote" time="0.000" classname="Tests.AppTest123">
    <skipped/>
  </testcase> <!-- bigBossVote -->
  <testcase name="bigBossVote" time="0.000" classname="Tests.AppTest123">
    <skipped/>
  </testcase> <!-- bigBossVote -->
  <testcase name="bigBossVote" time="0.000" classname="Tests.AppTest123">
    <skipped/>
  </testcase> <!-- bigBossVote -->
  <testcase name="bigBossVote" time="0.000" classname="Tests.AppTest123">
    <skipped/>
  </testcase> <!-- bigBossVote -->
  <testcase name="bigBossVote" time="0.000" classname="Tests.AppTest123">
    <skipped/>
  </testcase> <!-- bigBossVote -->
  <testcase name="bigBossVote" time="0.000" classname="Tests.AppTest123">
    <skipped/>
  </testcase> <!-- bigBossVote -->
  <testcase name="bigBossVote" time="0.000" classname="Tests.AppTest123">
    <skipped/>
  </testcase> <!-- bigBossVote -->
  <testcase name="bigBossVote" time="0.000" classname="Tests.AppTest123">
    <skipped/>
  </testcase> <!-- bigBossVote -->
  <testcase name="bigBossVote" time="0.000" classname="Tests.AppTest123">
    <skipped/>
  </testcase> <!-- bigBossVote -->
  <testcase name="bigBossVote" time="0.000" classname="Tests.AppTest123">
    <skipped/>
  </testcase> <!-- bigBossVote -->
  <testcase name="bigBossVote" time="0.000" classname="Tests.AppTest123">
    <skipped/>
  </testcase> <!-- bigBossVote -->
  <testcase name="bigBossVote" time="0.000" classname="Tests.AppTest123">
    <skipped/>
  </testcase> <!-- bigBossVote -->
  <testcase name="bigBossVote" time="0.000" classname="Tests.AppTest123">
    <skipped/>
  </testcase> <!-- bigBossVote -->
  <testcase name="bigBossVote" time="0.000" classname="Tests.AppTest123">
    <skipped/>
  </testcase> <!-- bigBossVote -->
  <testcase name="bigBossVote" time="0.000" classname="Tests.AppTest123">
    <skipped/>
  </testcase> <!-- bigBossVote -->
  <testcase name="bigBossVote" time="0.000" classname="Tests.AppTest123">
    <skipped/>
  </testcase> <!-- bigBossVote -->
  <testcase name="bigBossVote" time="0.000" classname="Tests.AppTest123">
    <skipped/>
  </testcase> <!-- bigBossVote -->
  <testcase name="bigBossVote" time="0.000" classname="Tests.AppTest123">
    <skipped/>
  </testcase> <!-- bigBossVote -->
  <testcase name="bigBossVote" time="0.000" classname="Tests.AppTest123">
    <skipped/>
  </testcase> <!-- bigBossVote -->
  <testcase name="bigBossVote" time="0.000" classname="Tests.AppTest123">
    <skipped/>
  </testcase> <!-- bigBossVote -->
  <testcase name="bigBossVote" time="0.000" classname="Tests.AppTest123">
    <skipped/>
  </testcase> <!-- bigBossVote -->
  <testcase name="bigBossVote" time="0.000" classname="Tests.AppTest123">
    <skipped/>
  </testcase> <!-- bigBossVote -->
  <testcase name="bigBossVote" time="0.000" classname="Tests.AppTest123">
    <skipped/>
  </testcase> <!-- bigBossVote -->
  <testcase name="bigBossVote" time="0.000" classname="Tests.AppTest123">
    <skipped/>
  </testcase> <!-- bigBossVote -->
  <testcase name="bigBossVote" time="0.000" classname="Tests.AppTest123">
    <skipped/>
  </testcase> <!-- bigBossVote -->
  <testcase name="bigBossVote" time="0.000" classname="Tests.AppTest123">
    <skipped/>
  </testcase> <!-- bigBossVote -->
  <testcase name="bigBossVote" time="0.000" classname="Tests.AppTest123">
    <skipped/>
  </testcase> <!-- bigBossVote -->
  <testcase name="bigBossVote" time="0.000" classname="Tests.AppTest123">
    <skipped/>
  </testcase> <!-- bigBossVote -->
  <testcase name="bigBossVote" time="0.000" classname="Tests.AppTest123">
    <skipped/>
  </testcase> <!-- bigBossVote -->
  <testcase name="bigBossVote" time="0.000" classname="Tests.AppTest123">
    <skipped/>
  </testcase> <!-- bigBossVote -->
  <testcase name="bigBossVote" time="0.000" classname="Tests.AppTest123">
    <skipped/>
  </testcase> <!-- bigBossVote -->
  <testcase name="bigBossVote" time="0.000" classname="Tests.AppTest123">
    <skipped/>
  </testcase> <!-- bigBossVote -->
  <testcase name="bigBossVote" time="0.000" classname="Tests.AppTest123">
    <skipped/>
  </testcase> <!-- bigBossVote -->
  <testcase name="bigBossVote" time="0.000" classname="Tests.AppTest123">
    <skipped/>
  </testcase> <!-- bigBossVote -->
  <testcase name="bigBossVote" time="0.000" classname="Tests.AppTest123">
    <skipped/>
  </testcase> <!-- bigBossVote -->
  <testcase name="bigBossVote" time="0.000" classname="Tests.AppTest123">
    <skipped/>
  </testcase> <!-- bigBossVote -->
  <testcase name="bigBossVote" time="0.000" classname="Tests.AppTest123">
    <skipped/>
  </testcase> <!-- bigBossVote -->
  <testcase name="bigBossVote" time="0.000" classname="Tests.AppTest123">
    <skipped/>
  </testcase> <!-- bigBossVote -->
  <testcase name="bigBossVote" time="0.000" classname="Tests.AppTest123">
    <skipped/>
  </testcase> <!-- bigBossVote -->
  <testcase name="bigBossVote" time="0.000" classname="Tests.AppTest123">
    <skipped/>
  </testcase> <!-- bigBossVote -->
  <testcase name="bigBossVote" time="0.000" classname="Tests.AppTest123">
    <skipped/>
  </testcase> <!-- bigBossVote -->
  <testcase name="bigBossVote" time="0.000" classname="Tests.AppTest123">
    <skipped/>
  </testcase> <!-- bigBossVote -->
  <testcase name="bigBossVote" time="0.000" classname="Tests.AppTest123">
    <skipped/>
  </testcase> <!-- bigBossVote -->
  <testcase name="bigBossVote" time="0.008" classname="Tests.AppTest123">
    <skipped/>
  </testcase> <!-- bigBossVote -->
  <testcase name="bigBossVote" time="0.000" classname="Tests.AppTest123">
    <skipped/>
  </testcase> <!-- bigBossVote -->
  <testcase name="bigBossVote" time="0.000" classname="Tests.AppTest123">
    <skipped/>
  </testcase> <!-- bigBossVote -->
  <testcase name="bigBossVote" time="0.000" classname="Tests.AppTest123">
    <skipped/>
  </testcase> <!-- bigBossVote -->
  <testcase name="bigBossVote" time="0.000" classname="Tests.AppTest123">
    <skipped/>
  </testcase> <!-- bigBossVote -->
  <testcase name="bigBossVote" time="0.000" classname="Tests.AppTest123">
    <skipped/>
  </testcase> <!-- bigBossVote -->
  <testcase name="bigBossVote" time="0.000" classname="Tests.AppTest123">
    <skipped/>
  </testcase> <!-- bigBossVote -->
  <testcase name="bigBossVote" time="0.000" classname="Tests.AppTest123">
    <skipped/>
  </testcase> <!-- bigBossVote -->
  <testcase name="bigBossVote" time="0.000" classname="Tests.AppTest123">
    <skipped/>
  </testcase> <!-- bigBossVote -->
  <testcase name="bigBossVote" time="0.000" classname="Tests.AppTest123">
    <skipped/>
  </testcase> <!-- bigBossVote -->
  <testcase name="bigBossVote" time="0.001" classname="Tests.AppTest123">
    <skipped/>
  </testcase> <!-- bigBossVote -->
  <testcase name="bigBossVote" time="0.000" classname="Tests.AppTest123">
    <skipped/>
  </testcase> <!-- bigBossVote -->
  <testcase name="bigBossVote" time="0.000" classname="Tests.AppTest123">
    <skipped/>
  </testcase> <!-- bigBossVote -->
  <testcase name="bigBossVote" time="0.000" classname="Tests.AppTest123">
    <skipped/>
  </testcase> <!-- bigBossVote -->
  <testcase name="bigBossVote" time="0.000" classname="Tests.AppTest123">
    <skipped/>
  </testcase> <!-- bigBossVote -->
  <testcase name="bigBossVote" time="0.000" classname="Tests.AppTest123">
    <skipped/>
  </testcase> <!-- bigBossVote -->
  <testcase name="bigBossVote" time="0.000" classname="Tests.AppTest123">
    <skipped/>
  </testcase> <!-- bigBossVote -->
  <testcase name="bigBossVote" time="0.000" classname="Tests.AppTest123">
    <skipped/>
  </testcase> <!-- bigBossVote -->
  <testcase name="bigBossVote" time="0.000" classname="Tests.AppTest123">
    <skipped/>
  </testcase> <!-- bigBossVote -->
  <testcase name="bigBossVote" time="0.000" classname="Tests.AppTest123">
    <skipped/>
  </testcase> <!-- bigBossVote -->
  <testcase name="bigBossVote" time="0.000" classname="Tests.AppTest123">
    <skipped/>
  </testcase> <!-- bigBossVote -->
  <testcase name="bigBossVote" time="0.000" classname="Tests.AppTest123">
    <skipped/>
  </testcase> <!-- bigBossVote -->
  <testcase name="bigBossVote" time="0.000" classname="Tests.AppTest123">
    <skipped/>
  </testcase> <!-- bigBossVote -->
  <testcase name="bigBossVote" time="0.000" classname="Tests.AppTest123">
    <skipped/>
  </testcase> <!-- bigBossVote -->
  <testcase name="bigBossVote" time="0.001" classname="Tests.AppTest123">
    <skipped/>
  </testcase> <!-- bigBossVote -->
  <testcase name="bigBossVote" time="0.000" classname="Tests.AppTest123">
    <skipped/>
  </testcase> <!-- bigBossVote -->
  <testcase name="bigBossVote" time="0.000" classname="Tests.AppTest123">
    <skipped/>
  </testcase> <!-- bigBossVote -->
  <testcase name="bigBossVote" time="0.000" classname="Tests.AppTest123">
    <skipped/>
  </testcase> <!-- bigBossVote -->
  <testcase name="bigBossVote" time="0.000" classname="Tests.AppTest123">
    <skipped/>
  </testcase> <!-- bigBossVote -->
  <testcase name="bigBossVote" time="0.000" classname="Tests.AppTest123">
    <skipped/>
  </testcase> <!-- bigBossVote -->
  <testcase name="bigBossVote" time="0.000" classname="Tests.AppTest123">
    <skipped/>
  </testcase> <!-- bigBossVote -->
  <testcase name="bigBossVote" time="0.000" classname="Tests.AppTest123">
    <skipped/>
  </testcase> <!-- bigBossVote -->
  <testcase name="bigBossVote" time="0.000" classname="Tests.AppTest123">
    <skipped/>
  </testcase> <!-- bigBossVote -->
  <testcase name="bigBossVote" time="0.000" classname="Tests.AppTest123">
    <skipped/>
  </testcase> <!-- bigBossVote -->
  <testcase name="bigBossVote" time="0.000" classname="Tests.AppTest123">
    <skipped/>
  </testcase> <!-- bigBossVote -->
  <testcase name="bigBossVote" time="0.000" classname="Tests.AppTest123">
    <skipped/>
  </testcase> <!-- bigBossVote -->
  <testcase name="bigBossVote" time="0.000" classname="Tests.AppTest123">
    <skipped/>
  </testcase> <!-- bigBossVote -->
  <testcase name="bigBossVote" time="0.000" classname="Tests.AppTest123">
    <skipped/>
  </testcase> <!-- bigBossVote -->
  <testcase name="bigBossVote" time="0.000" classname="Tests.AppTest123">
    <skipped/>
  </testcase> <!-- bigBossVote -->
  <testcase name="bigBossVote" time="0.000" classname="Tests.AppTest123">
    <skipped/>
  </testcase> <!-- bigBossVote -->
  <testcase name="bigBossVote" time="0.000" classname="Tests.AppTest123">
    <skipped/>
  </testcase> <!-- bigBossVote -->
  <testcase name="bigBossVote" time="0.000" classname="Tests.AppTest123">
    <skipped/>
  </testcase> <!-- bigBossVote -->
  <testcase name="bigBossVote" time="0.000" classname="Tests.AppTest123">
    <skipped/>
  </testcase> <!-- bigBossVote -->
  <testcase name="bigBossVote" time="0.000" classname="Tests.AppTest123">
    <skipped/>
  </testcase> <!-- bigBossVote -->
  <testcase name="bigBossVote" time="0.000" classname="Tests.AppTest123">
    <skipped/>
  </testcase> <!-- bigBossVote -->
  <testcase name="bigBossVote" time="0.000" classname="Tests.AppTest123">
    <skipped/>
  </testcase> <!-- bigBossVote -->
  <testcase name="bigBossVote" time="0.000" classname="Tests.AppTest123">
    <skipped/>
  </testcase> <!-- bigBossVote -->
  <testcase name="bigBossVote" time="0.000" classname="Tests.AppTest123">
    <skipped/>
  </testcase> <!-- bigBossVote -->
  <testcase name="bigBossVote" time="0.000" classname="Tests.AppTest123">
    <skipped/>
  </testcase> <!-- bigBossVote -->
  <testcase name="bigBossVote" time="0.000" classname="Tests.AppTest123">
    <skipped/>
  </testcase> <!-- bigBossVote -->
  <testcase name="bigBossVote" time="0.000" classname="Tests.AppTest123">
    <skipped/>
  </testcase> <!-- bigBossVote -->
  <testcase name="bigBossVote" time="0.000" classname="Tests.AppTest123">
    <skipped/>
  </testcase> <!-- bigBossVote -->
  <testcase name="bigBossVote" time="0.000" classname="Tests.AppTest123">
    <skipped/>
  </testcase> <!-- bigBossVote -->
  <testcase name="bigBossVote" time="0.000" classname="Tests.AppTest123">
    <skipped/>
  </testcase> <!-- bigBossVote -->
  <testcase name="bigBossVote" time="0.000" classname="Tests.AppTest123">
    <skipped/>
  </testcase> <!-- bigBossVote -->
  <testcase name="bigBossVote" time="0.000" classname="Tests.AppTest123">
    <skipped/>
  </testcase> <!-- bigBossVote -->
  <testcase name="bigBossVote" time="0.000" classname="Tests.AppTest123">
    <skipped/>
  </testcase> <!-- bigBossVote -->
  <testcase name="bigBossVote" time="0.000" classname="Tests.AppTest123">
    <skipped/>
  </testcase> <!-- bigBossVote -->
  <testcase name="bigBossVote" time="0.000" classname="Tests.AppTest123">
    <skipped/>
  </testcase> <!-- bigBossVote -->
  <testcase name="bigBossVote" time="0.000" classname="Tests.AppTest123">
    <skipped/>
  </testcase> <!-- bigBossVote -->
  <testcase name="bigBossVote" time="0.000" classname="Tests.AppTest123">
    <skipped/>
  </testcase> <!-- bigBossVote -->
  <testcase name="bigBossVote" time="0.000" classname="Tests.AppTest123">
    <skipped/>
  </testcase> <!-- bigBossVote -->
  <testcase name="bigBossVote" time="0.000" classname="Tests.AppTest123">
    <skipped/>
  </testcase> <!-- bigBossVote -->
  <testcase name="bigBossVote" time="0.000" classname="Tests.AppTest123">
    <skipped/>
  </testcase> <!-- bigBossVote -->
  <testcase name="bigBossVote" time="0.000" classname="Tests.AppTest123">
    <skipped/>
  </testcase> <!-- bigBossVote -->
  <testcase name="bigBossVote" time="0.000" classname="Tests.AppTest123">
    <skipped/>
  </testcase> <!-- bigBossVote -->
  <testcase name="bigBossVote" time="0.000" classname="Tests.AppTest123">
    <skipped/>
  </testcase> <!-- bigBossVote -->
  <testcase name="bigBossVote" time="0.000" classname="Tests.AppTest123">
    <skipped/>
  </testcase> <!-- bigBossVote -->
  <testcase name="bigBossVote" time="0.000" classname="Tests.AppTest123">
    <skipped/>
  </testcase> <!-- bigBossVote -->
  <testcase name="bigBossVote" time="0.000" classname="Tests.AppTest123">
    <skipped/>
  </testcase> <!-- bigBossVote -->
  <testcase name="bigBossVote" time="0.000" classname="Tests.AppTest123">
    <skipped/>
  </testcase> <!-- bigBossVote -->
  <testcase name="bigBossVote" time="0.000" classname="Tests.AppTest123">
    <skipped/>
  </testcase> <!-- bigBossVote -->
  <testcase name="bigBossVote" time="0.000" classname="Tests.AppTest123">
    <skipped/>
  </testcase> <!-- bigBossVote -->
  <testcase name="bigBossVote" time="0.000" classname="Tests.AppTest123">
    <skipped/>
  </testcase> <!-- bigBossVote -->
  <testcase name="bigBossVote" time="0.000" classname="Tests.AppTest123">
    <skipped/>
  </testcase> <!-- bigBossVote -->
  <testcase name="bigBossVote" time="0.000" classname="Tests.AppTest123">
    <skipped/>
  </testcase> <!-- bigBossVote -->
  <testcase name="bigBossVote" time="0.000" classname="Tests.AppTest123">
    <skipped/>
  </testcase> <!-- bigBossVote -->
  <testcase name="bigBossVote" time="0.000" classname="Tests.AppTest123">
    <skipped/>
  </testcase> <!-- bigBossVote -->
  <testcase name="bigBossVote" time="0.000" classname="Tests.AppTest123">
    <skipped/>
  </testcase> <!-- bigBossVote -->
  <testcase name="bigBossVote" time="0.000" classname="Tests.AppTest123">
    <skipped/>
  </testcase> <!-- bigBossVote -->
  <testcase name="bigBossVote" time="0.000" classname="Tests.AppTest123">
    <skipped/>
  </testcase> <!-- bigBossVote -->
  <testcase name="bigBossVote" time="0.000" classname="Tests.AppTest123">
    <skipped/>
  </testcase> <!-- bigBossVote -->
  <testcase name="bigBossVote" time="0.000" classname="Tests.AppTest123">
    <skipped/>
  </testcase> <!-- bigBossVote -->
  <testcase name="bigBossVote" time="0.000" classname="Tests.AppTest123">
    <skipped/>
  </testcase> <!-- bigBossVote -->
  <testcase name="bigBossVote" time="0.000" classname="Tests.AppTest123">
    <skipped/>
  </testcase> <!-- bigBossVote -->
  <testcase name="bigBossVote" time="0.000" classname="Tests.AppTest123">
    <skipped/>
  </testcase> <!-- bigBossVote -->
  <testcase name="bigBossVote" time="0.000" classname="Tests.AppTest123">
    <skipped/>
  </testcase> <!-- bigBossVote -->
  <testcase name="bigBossVote" time="0.000" classname="Tests.AppTest123">
    <skipped/>
  </testcase> <!-- bigBossVote -->
  <testcase name="bigBossVote" time="0.000" classname="Tests.AppTest123">
    <skipped/>
  </testcase> <!-- bigBossVote -->
  <testcase name="bigBossVote" time="0.000" classname="Tests.AppTest123">
    <skipped/>
  </testcase> <!-- bigBossVote -->
  <testcase name="bigBossVote" time="0.000" classname="Tests.AppTest123">
    <skipped/>
  </testcase> <!-- bigBossVote -->
  <testcase name="bigBossVote" time="0.000" classname="Tests.AppTest123">
    <skipped/>
  </testcase> <!-- bigBossVote -->
  <testcase name="bigBossVote" time="0.000" classname="Tests.AppTest123">
    <skipped/>
  </testcase> <!-- bigBossVote -->
  <testcase name="bigBossVote" time="0.000" classname="Tests.AppTest123">
    <skipped/>
  </testcase> <!-- bigBossVote -->
  <testcase name="bigBossVote" time="0.000" classname="Tests.AppTest123">
    <skipped/>
  </testcase> <!-- bigBossVote -->
  <testcase name="bigBossVote" time="0.000" classname="Tests.AppTest123">
    <skipped/>
  </testcase> <!-- bigBossVote -->
  <testcase name="bigBossVote" time="0.000" classname="Tests.AppTest123">
    <skipped/>
  </testcase> <!-- bigBossVote -->
  <testcase name="bigBossVote" time="0.000" classname="Tests.AppTest123">
    <skipped/>
  </testcase> <!-- bigBossVote -->
  <testcase name="bigBossVote" time="0.000" classname="Tests.AppTest123">
    <skipped/>
  </testcase> <!-- bigBossVote -->
  <testcase name="bigBossVote" time="0.000" classname="Tests.AppTest123">
    <skipped/>
  </testcase> <!-- bigBossVote -->
  <testcase name="bigBossVote" time="0.000" classname="Tests.AppTest123">
    <skipped/>
  </testcase> <!-- bigBossVote -->
  <testcase name="bigBossVote" time="0.000" classname="Tests.AppTest123">
    <skipped/>
  </testcase> <!-- bigBossVote -->
  <testcase name="bigBossVote" time="0.000" classname="Tests.AppTest123">
    <skipped/>
  </testcase> <!-- bigBossVote -->
  <testcase name="bigBossVote" time="0.000" classname="Tests.AppTest123">
    <skipped/>
  </testcase> <!-- bigBossVote -->
  <testcase name="bigBossVote" time="0.000" classname="Tests.AppTest123">
    <skipped/>
  </testcase> <!-- bigBossVote -->
  <testcase name="bigBossVote" time="0.000" classname="Tests.AppTest123">
    <skipped/>
  </testcase> <!-- bigBossVote -->
  <testcase name="bigBossVote" time="0.000" classname="Tests.AppTest123">
    <skipped/>
  </testcase> <!-- bigBossVote -->
  <testcase name="bigBossVote" time="0.000" classname="Tests.AppTest123">
    <skipped/>
  </testcase> <!-- bigBossVote -->
  <testcase name="bigBossVote" time="0.000" classname="Tests.AppTest123">
    <skipped/>
  </testcase> <!-- bigBossVote -->
  <testcase name="bigBossVote" time="0.000" classname="Tests.AppTest123">
    <skipped/>
  </testcase> <!-- bigBossVote -->
  <testcase name="bigBossVote" time="0.000" classname="Tests.AppTest123">
    <skipped/>
  </testcase> <!-- bigBossVote -->
  <testcase name="bigBossVote" time="0.000" classname="Tests.AppTest123">
    <skipped/>
  </testcase> <!-- bigBossVote -->
  <testcase name="bigBossVote" time="0.000" classname="Tests.AppTest123">
    <skipped/>
  </testcase> <!-- bigBossVote -->
  <testcase name="bigBossVote" time="0.000" classname="Tests.AppTest123">
    <skipped/>
  </testcase> <!-- bigBossVote -->
  <testcase name="bigBossVote" time="0.000" classname="Tests.AppTest123">
    <skipped/>
  </testcase> <!-- bigBossVote -->
  <testcase name="bigBossVote" time="0.000" classname="Tests.AppTest123">
    <skipped/>
  </testcase> <!-- bigBossVote -->
  <testcase name="bigBossVote" time="0.000" classname="Tests.AppTest123">
    <skipped/>
  </testcase> <!-- bigBossVote -->
  <testcase name="bigBossVote" time="0.000" classname="Tests.AppTest123">
    <skipped/>
  </testcase> <!-- bigBossVote -->
  <testcase name="bigBossVote" time="0.000" classname="Tests.AppTest123">
    <skipped/>
  </testcase> <!-- bigBossVote -->
  <testcase name="bigBossVote" time="0.000" classname="Tests.AppTest123">
    <skipped/>
  </testcase> <!-- bigBossVote -->
  <testcase name="bigBossVote" time="0.000" classname="Tests.AppTest123">
    <skipped/>
  </testcase> <!-- bigBossVote -->
  <testcase name="bigBossVote" time="0.000" classname="Tests.AppTest123">
    <skipped/>
  </testcase> <!-- bigBossVote -->
  <testcase name="bigBossVote" time="0.000" classname="Tests.AppTest123">
    <skipped/>
  </testcase> <!-- bigBossVote -->
  <testcase name="bigBossVote" time="0.000" classname="Tests.AppTest123">
    <skipped/>
  </testcase> <!-- bigBossVote -->
  <testcase name="bigBossVote" time="0.000" classname="Tests.AppTest123">
    <skipped/>
  </testcase> <!-- bigBossVote -->
  <testcase name="bigBossVote" time="0.000" classname="Tests.AppTest123">
    <skipped/>
  </testcase> <!-- bigBossVote -->
  <testcase name="bigBossVote" time="0.000" classname="Tests.AppTest123">
    <skipped/>
  </testcase> <!-- bigBossVote -->
  <testcase name="bigBossVote" time="0.000" classname="Tests.AppTest123">
    <skipped/>
  </testcase> <!-- bigBossVote -->
  <testcase name="bigBossVote" time="0.000" classname="Tests.AppTest123">
    <skipped/>
  </testcase> <!-- bigBossVote -->
  <testcase name="bigBossVote" time="0.000" classname="Tests.AppTest123">
    <skipped/>
  </testcase> <!-- bigBossVote -->
  <testcase name="bigBossVote" time="0.000" classname="Tests.AppTest123">
    <skipped/>
  </testcase> <!-- bigBossVote -->
  <testcase name="bigBossVote" time="0.000" classname="Tests.AppTest123">
    <skipped/>
  </testcase> <!-- bigBossVote -->
  <testcase name="bigBossVote" time="0.000" classname="Tests.AppTest123">
    <skipped/>
  </testcase> <!-- bigBossVote -->
  <testcase name="bigBossVote" time="0.000" classname="Tests.AppTest123">
    <skipped/>
  </testcase> <!-- bigBossVote -->
  <testcase name="bigBossVote" time="0.000" classname="Tests.AppTest123">
    <skipped/>
  </testcase> <!-- bigBossVote -->
  <testcase name="bigBossVote" time="0.000" classname="Tests.AppTest123">
    <skipped/>
  </testcase> <!-- bigBossVote -->
  <testcase name="bigBossVote" time="0.000" classname="Tests.AppTest123">
    <skipped/>
  </testcase> <!-- bigBossVote -->
  <testcase name="bigBossVote" time="0.000" classname="Tests.AppTest123">
    <skipped/>
  </testcase> <!-- bigBossVote -->
  <testcase name="bigBossVote" time="0.000" classname="Tests.AppTest123">
    <skipped/>
  </testcase> <!-- bigBossVote -->
  <testcase name="bigBossVote" time="0.000" classname="Tests.AppTest123">
    <skipped/>
  </testcase> <!-- bigBossVote -->
  <testcase name="bigBossVote" time="0.000" classname="Tests.AppTest123">
    <skipped/>
  </testcase> <!-- bigBossVote -->
  <testcase name="bigBossVote" time="0.000" classname="Tests.AppTest123">
    <skipped/>
  </testcase> <!-- bigBossVote -->
  <testcase name="bigBossVote" time="0.000" classname="Tests.AppTest123">
    <skipped/>
  </testcase> <!-- bigBossVote -->
  <testcase name="bigBossVote" time="0.000" classname="Tests.AppTest123">
    <skipped/>
  </testcase> <!-- bigBossVote -->
  <testcase name="bigBossVote" time="0.000" classname="Tests.AppTest123">
    <skipped/>
  </testcase> <!-- bigBossVote -->
  <testcase name="bigBossVote" time="0.000" classname="Tests.AppTest123">
    <skipped/>
  </testcase> <!-- bigBossVote -->
  <testcase name="bigBossVote" time="0.000" classname="Tests.AppTest123">
    <skipped/>
  </testcase> <!-- bigBossVote -->
  <testcase name="bigBossVote" time="0.000" classname="Tests.AppTest123">
    <skipped/>
  </testcase> <!-- bigBossVote -->
  <testcase name="bigBossVote" time="0.000" classname="Tests.AppTest123">
    <skipped/>
  </testcase> <!-- bigBossVote -->
  <testcase name="bigBossVote" time="0.000" classname="Tests.AppTest123">
    <skipped/>
  </testcase> <!-- bigBossVote -->
  <testcase name="bigBossVote" time="0.000" classname="Tests.AppTest123">
    <skipped/>
  </testcase> <!-- bigBossVote -->
  <testcase name="bigBossVote" time="0.000" classname="Tests.AppTest123">
    <skipped/>
  </testcase> <!-- bigBossVote -->
  <testcase name="bigBossVote" time="0.000" classname="Tests.AppTest123">
    <skipped/>
  </testcase> <!-- bigBossVote -->
  <testcase name="bigBossVote" time="0.000" classname="Tests.AppTest123">
    <skipped/>
  </testcase> <!-- bigBossVote -->
  <testcase name="bigBossVote" time="0.000" classname="Tests.AppTest123">
    <skipped/>
  </testcase> <!-- bigBossVote -->
  <testcase name="bigBossVote" time="0.000" classname="Tests.AppTest123">
    <skipped/>
  </testcase> <!-- bigBossVote -->
  <testcase name="bigBossVote" time="0.000" classname="Tests.AppTest123">
    <skipped/>
  </testcase> <!-- bigBossVote -->
  <testcase name="bigBossVote" time="0.000" classname="Tests.AppTest123">
    <skipped/>
  </testcase> <!-- bigBossVote -->
  <testcase name="bigBossVote" time="0.000" classname="Tests.AppTest123">
    <skipped/>
  </testcase> <!-- bigBossVote -->
  <testcase name="bigBossVote" time="0.000" classname="Tests.AppTest123">
    <skipped/>
  </testcase> <!-- bigBossVote -->
  <testcase name="bigBossVote" time="0.000" classname="Tests.AppTest123">
    <skipped/>
  </testcase> <!-- bigBossVote -->
  <testcase name="bigBossVote" time="0.000" classname="Tests.AppTest123">
    <skipped/>
  </testcase> <!-- bigBossVote -->
  <testcase name="bigBossVote" time="0.000" classname="Tests.AppTest123">
    <skipped/>
  </testcase> <!-- bigBossVote -->
  <testcase name="bigBossVote" time="0.000" classname="Tests.AppTest123">
    <skipped/>
  </testcase> <!-- bigBossVote -->
  <testcase name="bigBossVote" time="0.000" classname="Tests.AppTest123">
    <skipped/>
  </testcase> <!-- bigBossVote -->
  <testcase name="bigBossVote" time="0.000" classname="Tests.AppTest123">
    <skipped/>
  </testcase> <!-- bigBossVote -->
  <testcase name="bigBossVote" time="0.000" classname="Tests.AppTest123">
    <skipped/>
  </testcase> <!-- bigBossVote -->
  <testcase name="bigBossVote" time="0.000" classname="Tests.AppTest123">
    <skipped/>
  </testcase> <!-- bigBossVote -->
  <testcase name="bigBossVote" time="0.000" classname="Tests.AppTest123">
    <skipped/>
  </testcase> <!-- bigBossVote -->
  <testcase name="bigBossVote" time="0.000" classname="Tests.AppTest123">
    <skipped/>
  </testcase> <!-- bigBossVote -->
  <testcase name="bigBossVote" time="0.000" classname="Tests.AppTest123">
    <skipped/>
  </testcase> <!-- bigBossVote -->
  <testcase name="bigBossVote" time="0.000" classname="Tests.AppTest123">
    <skipped/>
  </testcase> <!-- bigBossVote -->
  <testcase name="bigBossVote" time="0.000" classname="Tests.AppTest123">
    <skipped/>
  </testcase> <!-- bigBossVote -->
  <testcase name="bigBossVote" time="0.000" classname="Tests.AppTest123">
    <skipped/>
  </testcase> <!-- bigBossVote -->
  <testcase name="bigBossVote" time="0.000" classname="Tests.AppTest123">
    <skipped/>
  </testcase> <!-- bigBossVote -->
  <testcase name="bigBossVote" time="0.000" classname="Tests.AppTest123">
    <skipped/>
  </testcase> <!-- bigBossVote -->
  <testcase name="bigBossVote" time="0.000" classname="Tests.AppTest123">
    <skipped/>
  </testcase> <!-- bigBossVote -->
  <testcase name="bigBossVote" time="0.000" classname="Tests.AppTest123">
    <skipped/>
  </testcase> <!-- bigBossVote -->
  <testcase name="bigBossVote" time="0.000" classname="Tests.AppTest123">
    <skipped/>
  </testcase> <!-- bigBossVote -->
  <testcase name="bigBossVote" time="0.000" classname="Tests.AppTest123">
    <skipped/>
  </testcase> <!-- bigBossVote -->
  <testcase name="bigBossVote" time="0.000" classname="Tests.AppTest123">
    <skipped/>
  </testcase> <!-- bigBossVote -->
  <testcase name="bigBossVote" time="0.000" classname="Tests.AppTest123">
    <skipped/>
  </testcase> <!-- bigBossVote -->
  <testcase name="bigBossVote" time="0.000" classname="Tests.AppTest123">
    <skipped/>
  </testcase> <!-- bigBossVote -->
  <testcase name="bigBossVote" time="0.000" classname="Tests.AppTest123">
    <skipped/>
  </testcase> <!-- bigBossVote -->
  <testcase name="bigBossVote" time="0.000" classname="Tests.AppTest123">
    <skipped/>
  </testcase> <!-- bigBossVote -->
  <testcase name="bigBossVote" time="0.000" classname="Tests.AppTest123">
    <skipped/>
  </testcase> <!-- bigBossVote -->
  <testcase name="bigBossVote" time="0.000" classname="Tests.AppTest123">
    <skipped/>
  </testcase> <!-- bigBossVote -->
  <testcase name="bigBossVote" time="0.000" classname="Tests.AppTest123">
    <skipped/>
  </testcase> <!-- bigBossVote -->
  <testcase name="bigBossVote" time="0.000" classname="Tests.AppTest123">
    <skipped/>
  </testcase> <!-- bigBossVote -->
  <testcase name="bigBossVote" time="0.000" classname="Tests.AppTest123">
    <skipped/>
  </testcase> <!-- bigBossVote -->
  <testcase name="bigBossVote" time="0.000" classname="Tests.AppTest123">
    <skipped/>
  </testcase> <!-- bigBossVote -->
  <testcase name="bigBossVote" time="0.000" classname="Tests.AppTest123">
    <skipped/>
  </testcase> <!-- bigBossVote -->
  <testcase name="bigBossVote" time="0.000" classname="Tests.AppTest123">
    <skipped/>
  </testcase> <!-- bigBossVote -->
  <testcase name="bigBossVote" time="0.000" classname="Tests.AppTest123">
    <skipped/>
  </testcase> <!-- bigBossVote -->
  <testcase name="bigBossVote" time="0.000" classname="Tests.AppTest123">
    <skipped/>
  </testcase> <!-- bigBossVote -->
  <testcase name="bigBossVote" time="0.000" classname="Tests.AppTest123">
    <skipped/>
  </testcase> <!-- bigBossVote -->
  <testcase name="bigBossVote" time="0.000" classname="Tests.AppTest123">
    <skipped/>
  </testcase> <!-- bigBossVote -->
  <testcase name="bigBossVote" time="0.000" classname="Tests.AppTest123">
    <skipped/>
  </testcase> <!-- bigBossVote -->
  <testcase name="bigBossVote" time="0.000" classname="Tests.AppTest123">
    <skipped/>
  </testcase> <!-- bigBossVote -->
  <testcase name="bigBossVote" time="0.000" classname="Tests.AppTest123">
    <skipped/>
  </testcase> <!-- bigBossVote -->
  <testcase name="bigBossVote" time="0.000" classname="Tests.AppTest123">
    <skipped/>
  </testcase> <!-- bigBossVote -->
  <testcase name="bigBossVote" time="0.000" classname="Tests.AppTest123">
    <skipped/>
  </testcase> <!-- bigBossVote -->
  <testcase name="bigBossVote" time="0.000" classname="Tests.AppTest123">
    <skipped/>
  </testcase> <!-- bigBossVote -->
  <testcase name="bigBossVote" time="0.000" classname="Tests.AppTest123">
    <skipped/>
  </testcase> <!-- bigBossVote -->
  <testcase name="bigBossVote" time="0.000" classname="Tests.AppTest123">
    <skipped/>
  </testcase> <!-- bigBossVote -->
  <testcase name="bigBossVote" time="0.000" classname="Tests.AppTest123">
    <skipped/>
  </testcase> <!-- bigBossVote -->
  <testcase name="bigBossVote" time="0.000" classname="Tests.AppTest123">
    <skipped/>
  </testcase> <!-- bigBossVote -->
  <testcase name="bigBossVote" time="0.000" classname="Tests.AppTest123">
    <skipped/>
  </testcase> <!-- bigBossVote -->
  <testcase name="bigBossVote" time="0.000" classname="Tests.AppTest123">
    <skipped/>
  </testcase> <!-- bigBossVote -->
  <testcase name="bigBossVote" time="0.000" classname="Tests.AppTest123">
    <skipped/>
  </testcase> <!-- bigBossVote -->
  <testcase name="bigBossVote" time="0.000" classname="Tests.AppTest123">
    <skipped/>
  </testcase> <!-- bigBossVote -->
  <testcase name="bigBossVote" time="0.000" classname="Tests.AppTest123">
    <skipped/>
  </testcase> <!-- bigBossVote -->
  <testcase name="bigBossVote" time="0.000" classname="Tests.AppTest123">
    <skipped/>
  </testcase> <!-- bigBossVote -->
  <testcase name="bigBossVote" time="0.000" classname="Tests.AppTest123">
    <skipped/>
  </testcase> <!-- bigBossVote -->
  <testcase name="bigBossVote" time="0.000" classname="Tests.AppTest123">
    <skipped/>
  </testcase> <!-- bigBossVote -->
  <testcase name="bigBossVote" time="0.000" classname="Tests.AppTest123">
    <skipped/>
  </testcase> <!-- bigBossVote -->
  <testcase name="bigBossVote" time="0.000" classname="Tests.AppTest123">
    <skipped/>
  </testcase> <!-- bigBossVote -->
  <testcase name="bigBossVote" time="0.000" classname="Tests.AppTest123">
    <skipped/>
  </testcase> <!-- bigBossVote -->
  <testcase name="bigBossVote" time="0.000" classname="Tests.AppTest123">
    <skipped/>
  </testcase> <!-- bigBossVote -->
  <testcase name="bigBossVote" time="0.000" classname="Tests.AppTest123">
    <skipped/>
  </testcase> <!-- bigBossVote -->
  <testcase name="bigBossVote" time="0.000" classname="Tests.AppTest123">
    <skipped/>
  </testcase> <!-- bigBossVote -->
  <testcase name="bigBossVote" time="0.000" classname="Tests.AppTest123">
    <skipped/>
  </testcase> <!-- bigBossVote -->
  <testcase name="bigBossVote" time="0.000" classname="Tests.AppTest123">
    <skipped/>
  </testcase> <!-- bigBossVote -->
  <testcase name="bigBossVote" time="0.000" classname="Tests.AppTest123">
    <skipped/>
  </testcase> <!-- bigBossVote -->
  <testcase name="bigBossVote" time="0.000" classname="Tests.AppTest123">
    <skipped/>
  </testcase> <!-- bigBossVote -->
  <testcase name="bigBossVote" time="0.000" classname="Tests.AppTest123">
    <skipped/>
  </testcase> <!-- bigBossVote -->
  <testcase name="bigBossVote" time="0.000" classname="Tests.AppTest123">
    <skipped/>
  </testcase> <!-- bigBossVote -->
  <testcase name="bigBossVote" time="0.000" classname="Tests.AppTest123">
    <skipped/>
  </testcase> <!-- bigBossVote -->
  <testcase name="bigBossVote" time="0.000" classname="Tests.AppTest123">
    <skipped/>
  </testcase> <!-- bigBossVote -->
  <testcase name="bigBossVote" time="0.000" classname="Tests.AppTest123">
    <skipped/>
  </testcase> <!-- bigBossVote -->
  <testcase name="bigBossVote" time="0.000" classname="Tests.AppTest123">
    <skipped/>
  </testcase> <!-- bigBossVote -->
  <testcase name="bigBossVote" time="0.000" classname="Tests.AppTest123">
    <skipped/>
  </testcase> <!-- bigBossVote -->
  <testcase name="bigBossVote" time="0.000" classname="Tests.AppTest123">
    <skipped/>
  </testcase> <!-- bigBossVote -->
  <testcase name="bigBossVote" time="0.000" classname="Tests.AppTest123">
    <skipped/>
  </testcase> <!-- bigBossVote -->
  <testcase name="bigBossVote" time="0.000" classname="Tests.AppTest123">
    <skipped/>
  </testcase> <!-- bigBossVote -->
  <testcase name="bigBossVote" time="0.000" classname="Tests.AppTest123">
    <skipped/>
  </testcase> <!-- bigBossVote -->
  <testcase name="bigBossVote" time="0.000" classname="Tests.AppTest123">
    <skipped/>
  </testcase> <!-- bigBossVote -->
  <testcase name="bigBossVote" time="0.000" classname="Tests.AppTest123">
    <skipped/>
  </testcase> <!-- bigBossVote -->
  <testcase name="bigBossVote" time="0.000" classname="Tests.AppTest123">
    <skipped/>
  </testcase> <!-- bigBossVote -->
  <testcase name="bigBossVote" time="0.000" classname="Tests.AppTest123">
    <skipped/>
  </testcase> <!-- bigBossVote -->
  <testcase name="bigBossVote" time="0.000" classname="Tests.AppTest123">
    <skipped/>
  </testcase> <!-- bigBossVote -->
  <testcase name="bigBossVote" time="0.000" classname="Tests.AppTest123">
    <skipped/>
  </testcase> <!-- bigBossVote -->
  <testcase name="bigBossVote" time="0.000" classname="Tests.AppTest123">
    <skipped/>
  </testcase> <!-- bigBossVote -->
  <testcase name="bigBossVote" time="0.000" classname="Tests.AppTest123">
    <skipped/>
  </testcase> <!-- bigBossVote -->
  <testcase name="bigBossVote" time="0.000" classname="Tests.AppTest123">
    <skipped/>
  </testcase> <!-- bigBossVote -->
  <testcase name="bigBossVote" time="0.000" classname="Tests.AppTest123">
    <skipped/>
  </testcase> <!-- bigBossVote -->
  <testcase name="bigBossVote" time="0.000" classname="Tests.AppTest123">
    <skipped/>
  </testcase> <!-- bigBossVote -->
  <testcase name="bigBossVote" time="0.000" classname="Tests.AppTest123">
    <skipped/>
  </testcase> <!-- bigBossVote -->
  <testcase name="bigBossVote" time="0.000" classname="Tests.AppTest123">
    <skipped/>
  </testcase> <!-- bigBossVote -->
  <testcase name="bigBossVote" time="0.000" classname="Tests.AppTest123">
    <skipped/>
  </testcase> <!-- bigBossVote -->
  <testcase name="bigBossVote" time="0.000" classname="Tests.AppTest123">
    <skipped/>
  </testcase> <!-- bigBossVote -->
  <testcase name="bigBossVote" time="0.000" classname="Tests.AppTest123">
    <skipped/>
  </testcase> <!-- bigBossVote -->
  <testcase name="bigBossVote" time="0.000" classname="Tests.AppTest123">
    <skipped/>
  </testcase> <!-- bigBossVote -->
  <testcase name="bigBossVote" time="0.000" classname="Tests.AppTest123">
    <skipped/>
  </testcase> <!-- bigBossVote -->
  <testcase name="bigBossVote" time="0.000" classname="Tests.AppTest123">
    <skipped/>
  </testcase> <!-- bigBossVote -->
  <testcase name="bigBossVote" time="0.000" classname="Tests.AppTest123">
    <skipped/>
  </testcase> <!-- bigBossVote -->
  <testcase name="bigBossVote" time="0.000" classname="Tests.AppTest123">
    <skipped/>
  </testcase> <!-- bigBossVote -->
  <testcase name="bigBossVote" time="0.000" classname="Tests.AppTest123">
    <skipped/>
  </testcase> <!-- bigBossVote -->
  <testcase name="bigBossVote" time="0.000" classname="Tests.AppTest123">
    <skipped/>
  </testcase> <!-- bigBossVote -->
  <testcase name="bigBossVote" time="0.000" classname="Tests.AppTest123">
    <skipped/>
  </testcase> <!-- bigBossVote -->
  <testcase name="bigBossVote" time="0.000" classname="Tests.AppTest123">
    <skipped/>
  </testcase> <!-- bigBossVote -->
  <testcase name="bigBossVote" time="0.000" classname="Tests.AppTest123">
    <skipped/>
  </testcase> <!-- bigBossVote -->
  <testcase name="bigBossVote" time="0.000" classname="Tests.AppTest123">
    <skipped/>
  </testcase> <!-- bigBossVote -->
  <testcase name="bigBossVote" time="0.000" classname="Tests.AppTest123">
    <skipped/>
  </testcase> <!-- bigBossVote -->
  <testcase name="bigBossVote" time="0.000" classname="Tests.AppTest123">
    <skipped/>
  </testcase> <!-- bigBossVote -->
  <testcase name="bigBossVote" time="0.000" classname="Tests.AppTest123">
    <skipped/>
  </testcase> <!-- bigBossVote -->
  <testcase name="bigBossVote" time="0.000" classname="Tests.AppTest123">
    <skipped/>
  </testcase> <!-- bigBossVote -->
  <testcase name="bigBossVote" time="0.000" classname="Tests.AppTest123">
    <skipped/>
  </testcase> <!-- bigBossVote -->
  <testcase name="bigBossVote" time="0.000" classname="Tests.AppTest123">
    <skipped/>
  </testcase> <!-- bigBossVote -->
  <testcase name="bigBossVote" time="0.000" classname="Tests.AppTest123">
    <skipped/>
  </testcase> <!-- bigBossVote -->
  <testcase name="bigBossVote" time="0.000" classname="Tests.AppTest123">
    <skipped/>
  </testcase> <!-- bigBossVote -->
  <testcase name="bigBossVote" time="0.000" classname="Tests.AppTest123">
    <skipped/>
  </testcase> <!-- bigBossVote -->
  <testcase name="bigBossVote" time="0.000" classname="Tests.AppTest123">
    <skipped/>
  </testcase> <!-- bigBossVote -->
  <testcase name="bigBossVote" time="0.000" classname="Tests.AppTest123">
    <skipped/>
  </testcase> <!-- bigBossVote -->
  <testcase name="bigBossVote" time="0.000" classname="Tests.AppTest123">
    <skipped/>
  </testcase> <!-- bigBossVote -->
  <testcase name="bigBossVote" time="0.000" classname="Tests.AppTest123">
    <skipped/>
  </testcase> <!-- bigBossVote -->
  <testcase name="bigBossVote" time="0.000" classname="Tests.AppTest123">
    <skipped/>
  </testcase> <!-- bigBossVote -->
  <testcase name="bigBossVote" time="0.000" classname="Tests.AppTest123">
    <skipped/>
  </testcase> <!-- bigBossVote -->
  <testcase name="bigBossVote" time="0.000" classname="Tests.AppTest123">
    <skipped/>
  </testcase> <!-- bigBossVote -->
  <testcase name="bigBossVote" time="0.000" classname="Tests.AppTest123">
    <skipped/>
  </testcase> <!-- bigBossVote -->
  <testcase name="bigBossVote" time="0.000" classname="Tests.AppTest123">
    <skipped/>
  </testcase> <!-- bigBossVote -->
  <testcase name="bigBossVote" time="0.000" classname="Tests.AppTest123">
    <skipped/>
  </testcase> <!-- bigBossVote -->
  <testcase name="bigBossVote" time="0.000" classname="Tests.AppTest123">
    <skipped/>
  </testcase> <!-- bigBossVote -->
  <testcase name="bigBossVote" time="0.000" classname="Tests.AppTest123">
    <skipped/>
  </testcase> <!-- bigBossVote -->
  <testcase name="bigBossVote" time="0.000" classname="Tests.AppTest123">
    <skipped/>
  </testcase> <!-- bigBossVote -->
  <testcase name="bigBossVote" time="0.000" classname="Tests.AppTest123">
    <skipped/>
  </testcase> <!-- bigBossVote -->
  <testcase name="bigBossVote" time="0.000" classname="Tests.AppTest123">
    <skipped/>
  </testcase> <!-- bigBossVote -->
  <testcase name="bigBossVote" time="0.000" classname="Tests.AppTest123">
    <skipped/>
  </testcase> <!-- bigBossVote -->
  <testcase name="bigBossVote" time="0.000" classname="Tests.AppTest123">
    <skipped/>
  </testcase> <!-- bigBossVote -->
  <testcase name="bigBossVote" time="0.000" classname="Tests.AppTest123">
    <skipped/>
  </testcase> <!-- bigBossVote -->
  <testcase name="bigBossVote" time="0.000" classname="Tests.AppTest123">
    <skipped/>
  </testcase> <!-- bigBossVote -->
  <testcase name="bigBossVote" time="0.000" classname="Tests.AppTest123">
    <skipped/>
  </testcase> <!-- bigBossVote -->
  <testcase name="bigBossVote" time="0.000" classname="Tests.AppTest123">
    <skipped/>
  </testcase> <!-- bigBossVote -->
  <testcase name="bigBossVote" time="0.000" classname="Tests.AppTest123">
    <skipped/>
  </testcase> <!-- bigBossVote -->
  <testcase name="bigBossVote" time="0.000" classname="Tests.AppTest123">
    <skipped/>
  </testcase> <!-- bigBossVote -->
  <testcase name="bigBossVote" time="0.000" classname="Tests.AppTest123">
    <skipped/>
  </testcase> <!-- bigBossVote -->
  <testcase name="bigBossVote" time="0.000" classname="Tests.AppTest123">
    <skipped/>
  </testcase> <!-- bigBossVote -->
  <testcase name="bigBossVote" time="0.000" classname="Tests.AppTest123">
    <skipped/>
  </testcase> <!-- bigBossVote -->
  <testcase name="bigBossVote" time="0.000" classname="Tests.AppTest123">
    <skipped/>
  </testcase> <!-- bigBossVote -->
  <testcase name="bigBossVote" time="0.000" classname="Tests.AppTest123">
    <skipped/>
  </testcase> <!-- bigBossVote -->
  <testcase name="bigBossVote" time="0.000" classname="Tests.AppTest123">
    <skipped/>
  </testcase> <!-- bigBossVote -->
  <testcase name="bigBossVote" time="0.000" classname="Tests.AppTest123">
    <skipped/>
  </testcase> <!-- bigBossVote -->
  <testcase name="launchBrowser" time="0.000" classname="Tests.AppTest123">
    <error type="org.testng.TestNGException" message="
Can inject only one of &lt;ITestContext, XmlTest&gt; into a @BeforeTest annotated launchBrowser.
For more information on native dependency injection please refer to http://testng.org/doc/documentation-main.html#native-dependency-injection">
      <![CDATA[org.testng.TestNGException: 
Can inject only one of <ITestContext, XmlTest> into a @BeforeTest annotated launchBrowser.
For more information on native dependency injection please refer to http://testng.org/doc/documentation-main.html#native-dependency-injection
at org.testng.internal.Parameters.checkParameterTypes(Parameters.java:407)
at org.testng.internal.Parameters.createParametersForMethod(Parameters.java:356)
at org.testng.internal.Parameters.createParameters(Parameters.java:635)
at org.testng.internal.Parameters.createConfigurationParameters(Parameters.java:190)
at org.testng.internal.Invoker.invokeConfigurations(Invoker.java:209)
at org.testng.internal.Invoker.invokeConfigurations(Invoker.java:142)
at org.testng.TestRunner.beforeRun(TestRunner.java:529)
at org.testng.TestRunner.run(TestRunner.java:497)
at org.testng.SuiteRunner.runTest(SuiteRunner.java:455)
at org.testng.SuiteRunner.runSequentially(SuiteRunner.java:450)
at org.testng.SuiteRunner.privateRun(SuiteRunner.java:415)
at org.testng.SuiteRunner.run(SuiteRunner.java:364)
at org.testng.SuiteRunnerWorker.runSuite(SuiteRunnerWorker.java:52)
at org.testng.SuiteRunnerWorker.run(SuiteRunnerWorker.java:84)
at org.testng.TestNG.runSuitesSequentially(TestNG.java:1208)
at org.testng.TestNG.runSuitesLocally(TestNG.java:1137)
at org.testng.TestNG.runSuites(TestNG.java:1049)
at org.testng.TestNG.run(TestNG.java:1017)
at org.testng.remote.AbstractRemoteTestNG.run(AbstractRemoteTestNG.java:114)
at org.testng.remote.RemoteTestNG.initAndRun(RemoteTestNG.java:251)
at org.testng.remote.RemoteTestNG.main(RemoteTestNG.java:77)
]]>
    </error>
  </testcase> <!-- launchBrowser -->
  <testcase name="bigBossVote" time="0.000" classname="Tests.AppTest123">
    <skipped/>
  </testcase> <!-- bigBossVote -->
  <testcase name="bigBossVote" time="0.000" classname="Tests.AppTest123">
    <skipped/>
  </testcase> <!-- bigBossVote -->
  <testcase name="bigBossVote" time="0.000" classname="Tests.AppTest123">
    <skipped/>
  </testcase> <!-- bigBossVote -->
  <testcase name="bigBossVote" time="0.000" classname="Tests.AppTest123">
    <skipped/>
  </testcase> <!-- bigBossVote -->
  <testcase name="noukriTest" classname="Tests.AppTest123">
    <skipped/>
  </testcase> <!-- noukriTest -->
  <testcase name="gmailTest" classname="Tests.AppTest123">
    <skipped/>
  </testcase> <!-- gmailTest -->
</testsuite> <!-- Tests.AppTest123 -->
